gyp info it worked if it ends with ok
gyp info using node-gyp@9.3.1
gyp info using node@19.5.0 | darwin | arm64
gyp info find Python using Python version 3.10.6 found at "/Library/Frameworks/Python.framework/Versions/3.10/bin/python3"
gyp info spawn /Library/Frameworks/Python.framework/Versions/3.10/bin/python3
gyp info spawn args [
gyp info spawn args   '/opt/homebrew/lib/node_modules/npm/node_modules/node-gyp/gyp/gyp_main.py',
gyp info spawn args   'binding.gyp',
gyp info spawn args   '-f',
gyp info spawn args   'make',
gyp info spawn args   '-I',
gyp info spawn args   '/Applications/XAMPP/xamppfiles/htdocs/ICSRep/node_modules/uws/build/config.gypi',
gyp info spawn args   '-I',
gyp info spawn args   '/opt/homebrew/lib/node_modules/npm/node_modules/node-gyp/addon.gypi',
gyp info spawn args   '-I',
gyp info spawn args   '/Users/chrispollard/Library/Caches/node-gyp/19.5.0/include/node/common.gypi',
gyp info spawn args   '-Dlibrary=shared_library',
gyp info spawn args   '-Dvisibility=default',
gyp info spawn args   '-Dnode_root_dir=/Users/chrispollard/Library/Caches/node-gyp/19.5.0',
gyp info spawn args   '-Dnode_gyp_dir=/opt/homebrew/lib/node_modules/npm/node_modules/node-gyp',
gyp info spawn args   '-Dnode_lib_file=/Users/chrispollard/Library/Caches/node-gyp/19.5.0/<(target_arch)/node.lib',
gyp info spawn args   '-Dmodule_root_dir=/Applications/XAMPP/xamppfiles/htdocs/ICSRep/node_modules/uws',
gyp info spawn args   '-Dnode_engine=v8',
gyp info spawn args   '--depth=.',
gyp info spawn args   '--no-parallel',
gyp info spawn args   '--generator-output',
gyp info spawn args   'build',
gyp info spawn args   '-Goutput_dir=.'
gyp info spawn args ]
gyp info spawn make
gyp info spawn args [ 'BUILDTYPE=Release', '-C', 'build' ]
  CXX(target) Release/obj.target/uws/src/Extensions.o
  CXX(target) Release/obj.target/uws/src/Group.o
  CXX(target) Release/obj.target/uws/src/Networking.o
  CXX(target) Release/obj.target/uws/src/Hub.o
  CXX(target) Release/obj.target/uws/src/Node.o
  CXX(target) Release/obj.target/uws/src/WebSocket.o
  CXX(target) Release/obj.target/uws/src/HTTPSocket.o
  CXX(target) Release/obj.target/uws/src/Socket.o
  CXX(target) Release/obj.target/uws/src/addon.o
In file included from ../src/addon.cpp:2:
In file included from ../src/addon.h:1:
In file included from /Users/chrispollard/Library/Caches/node-gyp/19.5.0/include/node/node.h:73:
In file included from /Users/chrispollard/Library/Caches/node-gyp/19.5.0/include/node/v8.h:24:
In file included from /Users/chrispollard/Library/Caches/node-gyp/19.5.0/include/node/v8-array-buffer.h:12:
In file included from /Users/chrispollard/Library/Caches/node-gyp/19.5.0/include/node/v8-local-handle.h:12:
/Users/chrispollard/Library/Caches/node-gyp/19.5.0/include/node/v8-internal.h:477:30: warning: 'static_assert' with no message is a C++17 extension [-Wc++17-extensions]
SHARED_EXTERNAL_POINTER_TAGS(CHECK_SHARED_EXTERNAL_POINTER_TAGS)
                             ^
/Users/chrispollard/Library/Caches/node-gyp/19.5.0/include/node/v8-internal.h:477:30: warning: 'static_assert' with no message is a C++17 extension [-Wc++17-extensions]
/Users/chrispollard/Library/Caches/node-gyp/19.5.0/include/node/v8-internal.h:477:30: warning: 'static_assert' with no message is a C++17 extension [-Wc++17-extensions]
/Users/chrispollard/Library/Caches/node-gyp/19.5.0/include/node/v8-internal.h:477:30: warning: 'static_assert' with no message is a C++17 extension [-Wc++17-extensions]
/Users/chrispollard/Library/Caches/node-gyp/19.5.0/include/node/v8-internal.h:477:30: warning: 'static_assert' with no message is a C++17 extension [-Wc++17-extensions]
/Users/chrispollard/Library/Caches/node-gyp/19.5.0/include/node/v8-internal.h:478:35: warning: 'static_assert' with no message is a C++17 extension [-Wc++17-extensions]
PER_ISOLATE_EXTERNAL_POINTER_TAGS(CHECK_NON_SHARED_EXTERNAL_POINTER_TAGS)
                                  ^
/Users/chrispollard/Library/Caches/node-gyp/19.5.0/include/node/v8-internal.h:478:35: warning: 'static_assert' with no message is a C++17 extension [-Wc++17-extensions]
/Users/chrispollard/Library/Caches/node-gyp/19.5.0/include/node/v8-internal.h:478:35: warning: 'static_assert' with no message is a C++17 extension [-Wc++17-extensions]
/Users/chrispollard/Library/Caches/node-gyp/19.5.0/include/node/v8-internal.h:478:35: warning: 'static_assert' with no message is a C++17 extension [-Wc++17-extensions]
/Users/chrispollard/Library/Caches/node-gyp/19.5.0/include/node/v8-internal.h:478:35: warning: 'static_assert' with no message is a C++17 extension [-Wc++17-extensions]
/Users/chrispollard/Library/Caches/node-gyp/19.5.0/include/node/v8-internal.h:478:35: warning: 'static_assert' with no message is a C++17 extension [-Wc++17-extensions]
/Users/chrispollard/Library/Caches/node-gyp/19.5.0/include/node/v8-internal.h:478:35: warning: 'static_assert' with no message is a C++17 extension [-Wc++17-extensions]
/Users/chrispollard/Library/Caches/node-gyp/19.5.0/include/node/v8-internal.h:478:35: warning: 'static_assert' with no message is a C++17 extension [-Wc++17-extensions]
/Users/chrispollard/Library/Caches/node-gyp/19.5.0/include/node/v8-internal.h:478:35: warning: 'static_assert' with no message is a C++17 extension [-Wc++17-extensions]
/Users/chrispollard/Library/Caches/node-gyp/19.5.0/include/node/v8-internal.h:478:35: warning: 'static_assert' with no message is a C++17 extension [-Wc++17-extensions]
/Users/chrispollard/Library/Caches/node-gyp/19.5.0/include/node/v8-internal.h:478:35: warning: 'static_assert' with no message is a C++17 extension [-Wc++17-extensions]
/Users/chrispollard/Library/Caches/node-gyp/19.5.0/include/node/v8-internal.h:478:35: warning: 'static_assert' with no message is a C++17 extension [-Wc++17-extensions]
/Users/chrispollard/Library/Caches/node-gyp/19.5.0/include/node/v8-internal.h:659:61: warning: 'static_assert' with no message is a C++17 extension [-Wc++17-extensions]
    static_assert(kJSObjectType + 1 == kFirstJSApiObjectType);
                                                            ^
                                                            , ""
/Users/chrispollard/Library/Caches/node-gyp/19.5.0/include/node/v8-internal.h:660:55: warning: 'static_assert' with no message is a C++17 extension [-Wc++17-extensions]
    static_assert(kJSObjectType < kLastJSApiObjectType);
                                                      ^
                                                      , ""
/Users/chrispollard/Library/Caches/node-gyp/19.5.0/include/node/v8-internal.h:661:63: warning: 'static_assert' with no message is a C++17 extension [-Wc++17-extensions]
    static_assert(kFirstJSApiObjectType < kLastJSApiObjectType);
                                                              ^
                                                              , ""
/Users/chrispollard/Library/Caches/node-gyp/19.5.0/include/node/v8-internal.h:851:38: error: no template named 'remove_cv_t' in namespace 'std'; did you mean 'remove_cv'?
            !std::is_same<Data, std::remove_cv_t<T>>::value>::Perform(data);
                                ~~~~~^~~~~~~~~~~
                                     remove_cv
/Library/Developer/CommandLineTools/SDKs/MacOSX.sdk/usr/include/c++/v1/type_traits:715:50: note: 'remove_cv' declared here
template <class _Tp> struct _LIBCPP_TEMPLATE_VIS remove_cv
                                                 ^
In file included from ../src/addon.cpp:2:
In file included from ../src/addon.h:1:
In file included from /Users/chrispollard/Library/Caches/node-gyp/19.5.0/include/node/node.h:73:
In file included from /Users/chrispollard/Library/Caches/node-gyp/19.5.0/include/node/v8.h:24:
In file included from /Users/chrispollard/Library/Caches/node-gyp/19.5.0/include/node/v8-array-buffer.h:13:
In file included from /Users/chrispollard/Library/Caches/node-gyp/19.5.0/include/node/v8-object.h:9:
/Users/chrispollard/Library/Caches/node-gyp/19.5.0/include/node/v8-maybe.h:106:27: error: no template named 'enable_if_t' in namespace 'std'; did you mean 'enable_if'?
  template <class U, std::enable_if_t<!std::is_lvalue_reference_v<U>>*>
                     ~~~~~^~~~~~~~~~~
                          enable_if
/Library/Developer/CommandLineTools/SDKs/MacOSX.sdk/usr/include/c++/v1/type_traits:546:63: note: 'enable_if' declared here
template <bool, class _Tp = void> struct _LIBCPP_TEMPLATE_VIS enable_if {};
                                                              ^
In file included from ../src/addon.cpp:2:
In file included from ../src/addon.h:1:
In file included from /Users/chrispollard/Library/Caches/node-gyp/19.5.0/include/node/node.h:73:
In file included from /Users/chrispollard/Library/Caches/node-gyp/19.5.0/include/node/v8.h:24:
In file included from /Users/chrispollard/Library/Caches/node-gyp/19.5.0/include/node/v8-array-buffer.h:13:
In file included from /Users/chrispollard/Library/Caches/node-gyp/19.5.0/include/node/v8-object.h:9:
/Users/chrispollard/Library/Caches/node-gyp/19.5.0/include/node/v8-maybe.h:106:45: error: no template named 'is_lvalue_reference_v' in namespace 'std'; did you mean 'is_lvalue_reference'?
  template <class U, std::enable_if_t<!std::is_lvalue_reference_v<U>>*>
                                       ~~~~~^~~~~~~~~~~~~~~~~~~~~
                                            is_lvalue_reference
/Library/Developer/CommandLineTools/SDKs/MacOSX.sdk/usr/include/c++/v1/type_traits:910:29: note: 'is_lvalue_reference' declared here
struct _LIBCPP_TEMPLATE_VIS is_lvalue_reference : _BoolConstant<__is_lvalue_reference(_Tp)> { };
                            ^
In file included from ../src/addon.cpp:2:
In file included from ../src/addon.h:1:
In file included from /Users/chrispollard/Library/Caches/node-gyp/19.5.0/include/node/node.h:73:
In file included from /Users/chrispollard/Library/Caches/node-gyp/19.5.0/include/node/v8.h:24:
In file included from /Users/chrispollard/Library/Caches/node-gyp/19.5.0/include/node/v8-array-buffer.h:13:
In file included from /Users/chrispollard/Library/Caches/node-gyp/19.5.0/include/node/v8-object.h:9:
/Users/chrispollard/Library/Caches/node-gyp/19.5.0/include/node/v8-maybe.h:106:69: error: expected '(' for function-style cast or type construction
  template <class U, std::enable_if_t<!std::is_lvalue_reference_v<U>>*>
                                       ~~~~~~~~~~~~~~~~~~~~~~~~~~~~~^
/Users/chrispollard/Library/Caches/node-gyp/19.5.0/include/node/v8-maybe.h:123:25: error: no template named 'enable_if_t' in namespace 'std'; did you mean 'enable_if'?
template <class T, std::enable_if_t<!std::is_lvalue_reference_v<T>>* = nullptr>
                   ~~~~~^~~~~~~~~~~
                        enable_if
/Library/Developer/CommandLineTools/SDKs/MacOSX.sdk/usr/include/c++/v1/type_traits:546:63: note: 'enable_if' declared here
template <bool, class _Tp = void> struct _LIBCPP_TEMPLATE_VIS enable_if {};
                                                              ^
In file included from ../src/addon.cpp:2:
In file included from ../src/addon.h:1:
In file included from /Users/chrispollard/Library/Caches/node-gyp/19.5.0/include/node/node.h:73:
In file included from /Users/chrispollard/Library/Caches/node-gyp/19.5.0/include/node/v8.h:24:
In file included from /Users/chrispollard/Library/Caches/node-gyp/19.5.0/include/node/v8-array-buffer.h:13:
In file included from /Users/chrispollard/Library/Caches/node-gyp/19.5.0/include/node/v8-object.h:9:
/Users/chrispollard/Library/Caches/node-gyp/19.5.0/include/node/v8-maybe.h:123:43: error: no template named 'is_lvalue_reference_v' in namespace 'std'; did you mean 'is_lvalue_reference'?
template <class T, std::enable_if_t<!std::is_lvalue_reference_v<T>>* = nullptr>
                                     ~~~~~^~~~~~~~~~~~~~~~~~~~~
                                          is_lvalue_reference
/Library/Developer/CommandLineTools/SDKs/MacOSX.sdk/usr/include/c++/v1/type_traits:910:29: note: 'is_lvalue_reference' declared here
struct _LIBCPP_TEMPLATE_VIS is_lvalue_reference : _BoolConstant<__is_lvalue_reference(_Tp)> { };
                            ^
In file included from ../src/addon.cpp:2:
In file included from ../src/addon.h:1:
In file included from /Users/chrispollard/Library/Caches/node-gyp/19.5.0/include/node/node.h:73:
In file included from /Users/chrispollard/Library/Caches/node-gyp/19.5.0/include/node/v8.h:24:
In file included from /Users/chrispollard/Library/Caches/node-gyp/19.5.0/include/node/v8-array-buffer.h:13:
In file included from /Users/chrispollard/Library/Caches/node-gyp/19.5.0/include/node/v8-object.h:9:
/Users/chrispollard/Library/Caches/node-gyp/19.5.0/include/node/v8-maybe.h:123:67: error: expected '(' for function-style cast or type construction
template <class T, std::enable_if_t<!std::is_lvalue_reference_v<T>>* = nullptr>
                                     ~~~~~~~~~~~~~~~~~~~~~~~~~~~~~^
In file included from ../src/addon.cpp:2:
../src/addon.h:21:15: warning: 'MakeCallback' is deprecated: Use MakeCallback(..., async_context) [-Wdeprecated-declarations]
        node::MakeCallback(isolate, isolate->GetCurrentContext()->Global(), Local<Function>::New(isolate, noop), 0, nullptr);
              ^
/Users/chrispollard/Library/Caches/node-gyp/19.5.0/include/node/node.h:194:1: note: 'MakeCallback' has been explicitly marked deprecated here
NODE_DEPRECATED("Use MakeCallback(..., async_context)",
^
/Users/chrispollard/Library/Caches/node-gyp/19.5.0/include/node/node.h:112:20: note: expanded from macro 'NODE_DEPRECATED'
    __attribute__((deprecated(message))) declarator
                   ^
In file included from ../src/addon.cpp:2:
../src/addon.h:37:47: error: no matching constructor for initialization of 'String::Utf8Value'
            utf8Value = new (utf8ValueMemory) String::Utf8Value(value);
                                              ^                 ~~~~~
/Users/chrispollard/Library/Caches/node-gyp/19.5.0/include/node/v8-primitive.h:519:5: note: candidate constructor not viable: no known conversion from 'const Local<v8::Value>' to 'const v8::String::Utf8Value' for 1st argument
    Utf8Value(const Utf8Value&) = delete;
    ^
/Users/chrispollard/Library/Caches/node-gyp/19.5.0/include/node/v8-primitive.h:512:5: note: candidate constructor not viable: requires 2 arguments, but 1 was provided
    Utf8Value(Isolate* isolate, Local<v8::Value> obj);
    ^
In file included from ../src/addon.cpp:2:
../src/addon.h:45:13: error: no type named 'Contents' in 'v8::ArrayBuffer'; did you mean 'Context'?
            ArrayBuffer::Contents contents = arrayBufferView->Buffer()->GetContents();
            ^~~~~~~~~~~~~~~~~~~~~
            Context
/Users/chrispollard/Library/Caches/node-gyp/19.5.0/include/node/v8-regexp.h:15:7: note: 'Context' declared here
class Context;
      ^
In file included from ../src/addon.cpp:2:
../src/addon.h:45:73: error: no member named 'GetContents' in 'v8::ArrayBuffer'
            ArrayBuffer::Contents contents = arrayBufferView->Buffer()->GetContents();
                                             ~~~~~~~~~~~~~~~~~~~~~~~~~~~^
../src/addon.h:50:13: error: no type named 'Contents' in 'v8::ArrayBuffer'; did you mean 'Context'?
            ArrayBuffer::Contents contents = arrayBuffer->GetContents();
            ^~~~~~~~~~~~~~~~~~~~~
            Context
/Users/chrispollard/Library/Caches/node-gyp/19.5.0/include/node/v8-regexp.h:15:7: note: 'Context' declared here
class Context;
      ^
In file included from ../src/addon.cpp:2:
../src/addon.h:50:59: error: no member named 'GetContents' in 'v8::ArrayBuffer'
            ArrayBuffer::Contents contents = arrayBuffer->GetContents();
                                             ~~~~~~~~~~~~~^
../src/addon.h:79:83: error: too few arguments to function call, single argument 'context' was not specified
    uWS::Group<isServer> *group = hub.createGroup<isServer>(args[0]->IntegerValue(), args[1]->IntegerValue());
                                                            ~~~~~~~~~~~~~~~~~~~~~ ^
/Users/chrispollard/Library/Caches/node-gyp/19.5.0/include/node/v8-value.h:413:40: note: 'IntegerValue' declared here
  V8_WARN_UNUSED_RESULT Maybe<int64_t> IntegerValue(
                                       ^
In file included from ../src/addon.cpp:2:
../src/addon.h:79:108: error: too few arguments to function call, single argument 'context' was not specified
    uWS::Group<isServer> *group = hub.createGroup<isServer>(args[0]->IntegerValue(), args[1]->IntegerValue());
                                                                                     ~~~~~~~~~~~~~~~~~~~~~ ^
/Users/chrispollard/Library/Caches/node-gyp/19.5.0/include/node/v8-value.h:413:40: note: 'IntegerValue' declared here
  V8_WARN_UNUSED_RESULT Maybe<int64_t> IntegerValue(
                                       ^
In file included from ../src/addon.cpp:2:
../src/addon.h:102:59: error: no matching function for call to 'New'
    return opCode == uWS::OpCode::BINARY ? (Local<Value>) ArrayBuffer::New(isolate, (char *) message, length) : (Local<Value>) String::NewFromUtf8(isolate, message, String::kNormalString, length);
                                                          ^~~~~~~~~~~~~~~~
/Users/chrispollard/Library/Caches/node-gyp/19.5.0/include/node/v8-array-buffer.h:198:29: note: candidate function not viable: requires 2 arguments, but 3 were provided
  static Local<ArrayBuffer> New(Isolate* isolate, size_t byte_length);
                            ^
/Users/chrispollard/Library/Caches/node-gyp/19.5.0/include/node/v8-array-buffer.h:212:29: note: candidate function not viable: requires 2 arguments, but 3 were provided
  static Local<ArrayBuffer> New(Isolate* isolate,
                            ^
In file included from ../src/addon.cpp:2:
../src/addon.h:102:174: error: no member named 'kNormalString' in 'v8::String'
    return opCode == uWS::OpCode::BINARY ? (Local<Value>) ArrayBuffer::New(isolate, (char *) message, length) : (Local<Value>) String::NewFromUtf8(isolate, message, String::kNormalString, length);
                                                                                                                                                                     ~~~~~~~~^
../src/addon.h:163:15: warning: 'MakeCallback' is deprecated: Use MakeCallback(..., async_context) [-Wdeprecated-declarations]
        node::MakeCallback(sc->isolate, sc->isolate->GetCurrentContext()->Global(), Local<Function>::New(sc->isolate, sc->jsCallback), 0, nullptr);
              ^
/Users/chrispollard/Library/Caches/node-gyp/19.5.0/include/node/node.h:194:1: note: 'MakeCallback' has been explicitly marked deprecated here
NODE_DEPRECATED("Use MakeCallback(..., async_context)",
^
/Users/chrispollard/Library/Caches/node-gyp/19.5.0/include/node/node.h:112:20: note: expanded from macro 'NODE_DEPRECATED'
    __attribute__((deprecated(message))) declarator
                   ^
In file included from ../src/addon.cpp:2:
../src/addon.h:172:62: error: too few arguments to function call, single argument 'context' was not specified
    uWS::OpCode opCode = (uWS::OpCode) args[2]->IntegerValue();
                                       ~~~~~~~~~~~~~~~~~~~~~ ^
/Users/chrispollard/Library/Caches/node-gyp/19.5.0/include/node/v8-value.h:413:40: note: 'IntegerValue' declared here
  V8_WARN_UNUSED_RESULT Maybe<int64_t> IntegerValue(
                                       ^
In file included from ../src/addon.cpp:2:
../src/addon.h:185:43: error: too few arguments to function call, single argument 'isolate' was not specified
    bool compress = args[4]->BooleanValue();
                    ~~~~~~~~~~~~~~~~~~~~~ ^
/Users/chrispollard/Library/Caches/node-gyp/19.5.0/include/node/v8-value.h:408:8: note: 'BooleanValue' declared here
  bool BooleanValue(Isolate* isolate) const;
       ^
In file included from ../src/addon.cpp:2:
../src/addon.h:225:60: error: too few arguments to function call, single argument 'context' was not specified
        uv_fileno((handle = getTcpHandle(args[0]->ToObject()->GetAlignedPointerFromInternalField(0))), (uv_os_fd_t *) &ticket->fd);
                                         ~~~~~~~~~~~~~~~~~ ^
/Users/chrispollard/Library/Caches/node-gyp/19.5.0/include/node/v8-value.h:372:44: note: 'ToObject' declared here
  V8_WARN_UNUSED_RESULT MaybeLocal<Object> ToObject(
                                           ^
fatal error: too many errors emitted, stopping now [-ferror-limit=]
22 warnings and 20 errors generated.
make: *** [Release/obj.target/uws/src/addon.o] Error 1
gyp ERR! build error 
gyp ERR! stack Error: `make` failed with exit code: 2
gyp ERR! stack     at ChildProcess.onExit (/opt/homebrew/lib/node_modules/npm/node_modules/node-gyp/lib/build.js:203:23)
gyp ERR! stack     at ChildProcess.emit (node:events:512:28)
gyp ERR! stack     at ChildProcess._handle.onexit (node:internal/child_process:293:12)
gyp ERR! System Darwin 21.6.0
gyp ERR! command "/opt/homebrew/Cellar/node/19.5.0/bin/node" "/opt/homebrew/lib/node_modules/npm/node_modules/node-gyp/bin/node-gyp.js" "rebuild"
gyp ERR! cwd /Applications/XAMPP/xamppfiles/htdocs/ICSRep/node_modules/uws
gyp ERR! node -v v19.5.0
gyp ERR! node-gyp -v v9.3.1
gyp ERR! not ok 
